[MainThread, 2020-11-23 19:27:26,304, INFO] START make_thumbnails
[MainThread, 2020-11-23 19:27:26,305, INFO] beginning image downloads
[Thread-1, 2020-11-23 19:27:26,305, INFO] downloading image at URL https://dl.dropboxusercontent.com/s/2fu69d8lfesbhru/pexels-photo-48603.jpeg
[Thread-2, 2020-11-23 19:27:26,308, INFO] downloading image at URL https://dl.dropboxusercontent.com/s/zch88m6sb8a7bm1/pexels-photo-134392.jpeg
[Thread-3, 2020-11-23 19:27:26,311, INFO] downloading image at URL https://dl.dropboxusercontent.com/s/lsr6dxw5m2ep5qt/pexels-photo-135130.jpeg
[Thread-4, 2020-11-23 19:27:26,312, INFO] downloading image at URL https://dl.dropboxusercontent.com/s/6xinfm0lcnbirb9/pexels-photo-167300.jpeg
[Thread-5, 2020-11-23 19:27:26,314, INFO] downloading image at URL https://dl.dropboxusercontent.com/s/2dp2hli32h9p0y6/pexels-photo-167921.jpeg
[Thread-6, 2020-11-23 19:27:26,315, INFO] downloading image at URL https://dl.dropboxusercontent.com/s/fjb1m3grcrceqo2/pexels-photo-173125.jpeg
[Thread-7, 2020-11-23 19:27:26,316, INFO] downloading image at URL https://dl.dropboxusercontent.com/s/56u8p4oplagc4bp/pexels-photo-185934.jpeg
[Thread-8, 2020-11-23 19:27:26,317, INFO] downloading image at URL https://dl.dropboxusercontent.com/s/2s1x7wz4sdvxssr/pexels-photo-192454.jpeg
[Thread-9, 2020-11-23 19:27:26,457, INFO] downloading image at URL https://dl.dropboxusercontent.com/s/1gjphqnllzm10hh/pexels-photo-193038.jpeg
[Thread-10, 2020-11-23 19:27:26,457, INFO] downloading image at URL https://dl.dropboxusercontent.com/s/pcjz40c8pxpy057/pexels-photo-193043.jpeg
[Thread-11, 2020-11-23 19:27:26,468, INFO] downloading image at URL https://dl.dropboxusercontent.com/s/hokdfk7y8zmwe96/pexels-photo-207962.jpeg
[Thread-12, 2020-11-23 19:27:26,481, INFO] downloading image at URL https://dl.dropboxusercontent.com/s/k2tk2co7r18juy7/pexels-photo-247917.jpeg
[Thread-13, 2020-11-23 19:27:26,502, INFO] downloading image at URL https://dl.dropboxusercontent.com/s/m4xjekvqk4rksbx/pexels-photo-247932.jpeg
[Thread-14, 2020-11-23 19:27:26,512, INFO] downloading image at URL https://dl.dropboxusercontent.com/s/znmswtwhcdbpc10/pexels-photo-265186.jpeg
[Thread-15, 2020-11-23 19:27:26,513, INFO] downloading image at URL https://dl.dropboxusercontent.com/s/jgb6n4esquhh4gu/pexels-photo-302899.jpeg
[Thread-16, 2020-11-23 19:27:26,522, INFO] downloading image at URL https://dl.dropboxusercontent.com/s/rjuggi2ubc1b3bk/pexels-photo-317156.jpeg
[Thread-17, 2020-11-23 19:27:26,540, INFO] downloading image at URL https://dl.dropboxusercontent.com/s/cpaog2nwplilrz9/pexels-photo-317383.jpeg
[Thread-18, 2020-11-23 19:27:26,550, INFO] downloading image at URL https://dl.dropboxusercontent.com/s/16x2b6ruk18gji5/pexels-photo-320007.jpeg
[Thread-19, 2020-11-23 19:27:26,550, INFO] downloading image at URL https://dl.dropboxusercontent.com/s/xqzqzjkcwl52en0/pexels-photo-322207.jpeg
[Thread-20, 2020-11-23 19:27:26,559, INFO] downloading image at URL https://dl.dropboxusercontent.com/s/frclthpd7t8exma/pexels-photo-323503.jpeg
[Thread-21, 2020-11-23 19:27:26,569, INFO] downloading image at URL https://dl.dropboxusercontent.com/s/7ixez07vnc3jeyg/pexels-photo-324030.jpeg
[Thread-22, 2020-11-23 19:27:26,570, INFO] downloading image at URL https://dl.dropboxusercontent.com/s/1xlgrfy861nyhox/pexels-photo-324655.jpeg
[Thread-23, 2020-11-23 19:27:26,581, INFO] downloading image at URL https://dl.dropboxusercontent.com/s/v1b03d940lop05d/pexels-photo-324658.jpeg
[Thread-24, 2020-11-23 19:27:26,581, INFO] downloading image at URL https://dl.dropboxusercontent.com/s/ehrm5clkucbhvi4/pexels-photo-325520.jpeg
[Thread-25, 2020-11-23 19:27:26,609, INFO] downloading image at URL https://dl.dropboxusercontent.com/s/l7ga4ea98hfl49b/pexels-photo-333529.jpeg
[Thread-26, 2020-11-23 19:27:26,610, INFO] downloading image at URL https://dl.dropboxusercontent.com/s/rleff9tx000k19j/pexels-photo-341520.jpeg
[Thread-7, 2020-11-23 19:27:27,407, INFO] image saved to ./incoming/pexels-photo-185934.jpeg
[Thread-3, 2020-11-23 19:27:27,549, INFO] image saved to ./incoming/pexels-photo-135130.jpeg
[Thread-11, 2020-11-23 19:27:27,603, INFO] image saved to ./incoming/pexels-photo-207962.jpeg
[Thread-1, 2020-11-23 19:27:27,626, INFO] image saved to ./incoming/pexels-photo-48603.jpeg
[Thread-14, 2020-11-23 19:27:27,639, INFO] image saved to ./incoming/pexels-photo-265186.jpeg
[Thread-18, 2020-11-23 19:27:27,652, INFO] image saved to ./incoming/pexels-photo-320007.jpeg
[Thread-6, 2020-11-23 19:27:27,678, INFO] image saved to ./incoming/pexels-photo-173125.jpeg
[Thread-8, 2020-11-23 19:27:27,687, INFO] image saved to ./incoming/pexels-photo-192454.jpeg
[Thread-5, 2020-11-23 19:27:27,714, INFO] image saved to ./incoming/pexels-photo-167921.jpeg
[Thread-12, 2020-11-23 19:27:27,747, INFO] image saved to ./incoming/pexels-photo-247917.jpeg
[Thread-20, 2020-11-23 19:27:27,755, INFO] image saved to ./incoming/pexels-photo-323503.jpeg
[Thread-15, 2020-11-23 19:27:27,759, INFO] image saved to ./incoming/pexels-photo-302899.jpeg
[Thread-2, 2020-11-23 19:27:27,759, INFO] image saved to ./incoming/pexels-photo-134392.jpeg
[Thread-25, 2020-11-23 19:27:27,820, INFO] image saved to ./incoming/pexels-photo-333529.jpeg
[Thread-16, 2020-11-23 19:27:27,833, INFO] image saved to ./incoming/pexels-photo-317156.jpeg
[Thread-22, 2020-11-23 19:27:27,838, INFO] image saved to ./incoming/pexels-photo-324655.jpeg
[Thread-4, 2020-11-23 19:27:27,843, INFO] image saved to ./incoming/pexels-photo-167300.jpeg
[Thread-21, 2020-11-23 19:27:27,862, INFO] image saved to ./incoming/pexels-photo-324030.jpeg
[Thread-9, 2020-11-23 19:27:27,888, INFO] image saved to ./incoming/pexels-photo-193038.jpeg
[Thread-24, 2020-11-23 19:27:27,913, INFO] image saved to ./incoming/pexels-photo-325520.jpeg
[Thread-13, 2020-11-23 19:27:27,922, INFO] image saved to ./incoming/pexels-photo-247932.jpeg
[Thread-10, 2020-11-23 19:27:27,922, INFO] image saved to ./incoming/pexels-photo-193043.jpeg
[Thread-23, 2020-11-23 19:27:27,927, INFO] image saved to ./incoming/pexels-photo-324658.jpeg
[Thread-26, 2020-11-23 19:27:27,948, INFO] image saved to ./incoming/pexels-photo-341520.jpeg
[Thread-17, 2020-11-23 19:27:27,986, INFO] image saved to ./incoming/pexels-photo-317383.jpeg
[Thread-19, 2020-11-23 19:27:27,992, INFO] image saved to ./incoming/pexels-photo-322207.jpeg
[MainThread, 2020-11-23 19:27:27,993, INFO] downloaded 26 images in 1.6884210670250468 seconds
[MainThread, 2020-11-23 19:27:27,994, INFO] END make_thumbnails in 1.6892862250097096 seconds
